[ 2025-06-19 18:11:39,514 ] 19 root - INFO - Initiate the data ingestion
[ 2025-06-19 18:11:39,831 ] 61 root - INFO - Performed train test split on the dataframe
[ 2025-06-19 18:11:39,831 ] 63 root - INFO - Exited split_data_as_train_test method of Data_Ingestion class
[ 2025-06-19 18:11:39,831 ] 71 root - INFO - Exporting train and test file path.
[ 2025-06-19 18:11:39,834 ] 80 root - INFO - Exported train and test file path.
[ 2025-06-19 18:11:39,834 ] 21 root - INFO - Data Initiation Completed
[ 2025-06-19 18:11:39,837 ] 25 root - INFO - Initiate the data Validation
[ 2025-06-19 18:11:39,839 ] 33 root - INFO - Required number of columns:2
[ 2025-06-19 18:11:39,839 ] 34 root - INFO - Data frame has columns:31
[ 2025-06-19 18:11:39,840 ] 33 root - INFO - Required number of columns:2
[ 2025-06-19 18:11:39,840 ] 34 root - INFO - Data frame has columns:31
[ 2025-06-19 18:11:39,857 ] 27 root - INFO - data Validation Completed
[ 2025-06-19 18:11:39,857 ] 30 root - INFO - data Transformation started
[ 2025-06-19 18:11:39,857 ] 63 root - INFO - Entered initiate_data_transformation method of DataTransformation class
[ 2025-06-19 18:11:39,857 ] 65 root - INFO - Starting data transformation
[ 2025-06-19 18:11:39,860 ] 48 root - INFO - Entered get_data_trnasformer_object method of Trnasformation class
[ 2025-06-19 18:11:39,860 ] 53 root - INFO - Initialise KNNImputer with {'missing_values': nan, 'n_neighbors': 3, 'weights': 'uniform'}
[ 2025-06-19 18:11:39,864 ] 48 root - INFO - Entered the save_object method of MainUtils class
[ 2025-06-19 18:11:39,864 ] 52 root - INFO - Exited the save_object method of MainUtils class
[ 2025-06-19 18:11:39,864 ] 48 root - INFO - Entered the save_object method of MainUtils class
[ 2025-06-19 18:11:39,865 ] 52 root - INFO - Exited the save_object method of MainUtils class
[ 2025-06-19 18:11:39,865 ] 34 root - INFO - data Transformation completed
[ 2025-06-19 18:11:39,865 ] 36 root - INFO - Model Training sstared
[ 2025-06-19 18:12:04,780 ] 48 root - INFO - Entered the save_object method of MainUtils class
[ 2025-06-19 18:12:04,781 ] 52 root - INFO - Exited the save_object method of MainUtils class
[ 2025-06-19 18:12:04,781 ] 48 root - INFO - Entered the save_object method of MainUtils class
[ 2025-06-19 18:12:04,782 ] 52 root - INFO - Exited the save_object method of MainUtils class
[ 2025-06-19 18:12:04,782 ] 112 root - INFO - Model trainer artifact: ModelTrainerArtifact(trained_model_file_path='Artifacts\\06_19_2025_18_11_38\\model_trainer\\trained_model\\model.pkl', train_metric_artifact=ClassificationMetricArtifact(f1_score=0.9935205183585313, precision_score=1.0, recall_score=0.9871244635193133), test_metric_artifact=ClassificationMetricArtifact(f1_score=0.8867924528301887, precision_score=0.8867924528301887, recall_score=0.8867924528301887))
[ 2025-06-19 18:12:04,783 ] 41 root - INFO - Model Training artifact created
