[ 2025-06-20 10:12:58,223 ] 19 root - INFO - Initiate the data ingestion
[ 2025-06-20 10:12:58,581 ] 61 root - INFO - Performed train test split on the dataframe
[ 2025-06-20 10:12:58,581 ] 63 root - INFO - Exited split_data_as_train_test method of Data_Ingestion class
[ 2025-06-20 10:12:58,581 ] 71 root - INFO - Exporting train and test file path.
[ 2025-06-20 10:12:58,584 ] 80 root - INFO - Exported train and test file path.
[ 2025-06-20 10:12:58,584 ] 21 root - INFO - Data Initiation Completed
[ 2025-06-20 10:12:58,586 ] 25 root - INFO - Initiate the data Validation
[ 2025-06-20 10:12:58,590 ] 33 root - INFO - Required number of columns:2
[ 2025-06-20 10:12:58,590 ] 34 root - INFO - Data frame has columns:31
[ 2025-06-20 10:12:58,591 ] 33 root - INFO - Required number of columns:2
[ 2025-06-20 10:12:58,591 ] 34 root - INFO - Data frame has columns:31
[ 2025-06-20 10:12:58,608 ] 27 root - INFO - data Validation Completed
[ 2025-06-20 10:12:58,609 ] 30 root - INFO - data Transformation started
[ 2025-06-20 10:12:58,609 ] 63 root - INFO - Entered initiate_data_transformation method of DataTransformation class
[ 2025-06-20 10:12:58,609 ] 65 root - INFO - Starting data transformation
[ 2025-06-20 10:12:58,613 ] 48 root - INFO - Entered get_data_trnasformer_object method of Trnasformation class
[ 2025-06-20 10:12:58,613 ] 53 root - INFO - Initialise KNNImputer with {'missing_values': nan, 'n_neighbors': 3, 'weights': 'uniform'}
[ 2025-06-20 10:12:58,618 ] 48 root - INFO - Entered the save_object method of MainUtils class
[ 2025-06-20 10:12:58,618 ] 52 root - INFO - Exited the save_object method of MainUtils class
[ 2025-06-20 10:12:58,619 ] 48 root - INFO - Entered the save_object method of MainUtils class
[ 2025-06-20 10:12:58,619 ] 52 root - INFO - Exited the save_object method of MainUtils class
[ 2025-06-20 10:12:58,619 ] 34 root - INFO - data Transformation completed
[ 2025-06-20 10:12:58,619 ] 36 root - INFO - Model Training sstared
[ 2025-06-20 10:13:39,301 ] 48 root - INFO - Entered the save_object method of MainUtils class
[ 2025-06-20 10:13:39,302 ] 52 root - INFO - Exited the save_object method of MainUtils class
[ 2025-06-20 10:13:39,302 ] 48 root - INFO - Entered the save_object method of MainUtils class
[ 2025-06-20 10:13:39,302 ] 52 root - INFO - Exited the save_object method of MainUtils class
[ 2025-06-20 10:13:39,302 ] 125 root - INFO - Model trainer artifact: ModelTrainerArtifact(trained_model_file_path='Artifacts\\06_20_2025_10_12_57\\model_trainer\\trained_model\\model.pkl', train_metric_artifact=ClassificationMetricArtifact(f1_score=0.9288702928870293, precision_score=0.9173553719008265, recall_score=0.940677966101695), test_metric_artifact=ClassificationMetricArtifact(f1_score=0.94, precision_score=0.94, recall_score=0.94))
[ 2025-06-20 10:13:39,303 ] 41 root - INFO - Model Training artifact created
