[ 2025-06-20 09:39:00,586 ] 19 root - INFO - Initiate the data ingestion
[ 2025-06-20 09:39:00,894 ] 61 root - INFO - Performed train test split on the dataframe
[ 2025-06-20 09:39:00,894 ] 63 root - INFO - Exited split_data_as_train_test method of Data_Ingestion class
[ 2025-06-20 09:39:00,894 ] 71 root - INFO - Exporting train and test file path.
[ 2025-06-20 09:39:00,896 ] 80 root - INFO - Exported train and test file path.
[ 2025-06-20 09:39:00,896 ] 21 root - INFO - Data Initiation Completed
[ 2025-06-20 09:39:00,899 ] 25 root - INFO - Initiate the data Validation
[ 2025-06-20 09:39:00,901 ] 33 root - INFO - Required number of columns:2
[ 2025-06-20 09:39:00,901 ] 34 root - INFO - Data frame has columns:31
[ 2025-06-20 09:39:00,902 ] 33 root - INFO - Required number of columns:2
[ 2025-06-20 09:39:00,902 ] 34 root - INFO - Data frame has columns:31
[ 2025-06-20 09:39:00,919 ] 27 root - INFO - data Validation Completed
[ 2025-06-20 09:39:00,919 ] 30 root - INFO - data Transformation started
[ 2025-06-20 09:39:00,919 ] 63 root - INFO - Entered initiate_data_transformation method of DataTransformation class
[ 2025-06-20 09:39:00,919 ] 65 root - INFO - Starting data transformation
[ 2025-06-20 09:39:00,922 ] 48 root - INFO - Entered get_data_trnasformer_object method of Trnasformation class
[ 2025-06-20 09:39:00,922 ] 53 root - INFO - Initialise KNNImputer with {'missing_values': nan, 'n_neighbors': 3, 'weights': 'uniform'}
[ 2025-06-20 09:39:00,926 ] 48 root - INFO - Entered the save_object method of MainUtils class
[ 2025-06-20 09:39:00,926 ] 52 root - INFO - Exited the save_object method of MainUtils class
[ 2025-06-20 09:39:00,926 ] 48 root - INFO - Entered the save_object method of MainUtils class
[ 2025-06-20 09:39:00,927 ] 52 root - INFO - Exited the save_object method of MainUtils class
[ 2025-06-20 09:39:00,927 ] 34 root - INFO - data Transformation completed
[ 2025-06-20 09:39:00,927 ] 36 root - INFO - Model Training sstared
