[ 2025-06-20 09:44:47,269 ] 19 root - INFO - Initiate the data ingestion
[ 2025-06-20 09:44:47,600 ] 61 root - INFO - Performed train test split on the dataframe
[ 2025-06-20 09:44:47,600 ] 63 root - INFO - Exited split_data_as_train_test method of Data_Ingestion class
[ 2025-06-20 09:44:47,600 ] 71 root - INFO - Exporting train and test file path.
[ 2025-06-20 09:44:47,603 ] 80 root - INFO - Exported train and test file path.
[ 2025-06-20 09:44:47,603 ] 21 root - INFO - Data Initiation Completed
[ 2025-06-20 09:44:47,606 ] 25 root - INFO - Initiate the data Validation
[ 2025-06-20 09:44:47,609 ] 33 root - INFO - Required number of columns:2
[ 2025-06-20 09:44:47,609 ] 34 root - INFO - Data frame has columns:31
[ 2025-06-20 09:44:47,611 ] 33 root - INFO - Required number of columns:2
[ 2025-06-20 09:44:47,611 ] 34 root - INFO - Data frame has columns:31
[ 2025-06-20 09:44:47,629 ] 27 root - INFO - data Validation Completed
[ 2025-06-20 09:44:47,629 ] 30 root - INFO - data Transformation started
[ 2025-06-20 09:44:47,629 ] 63 root - INFO - Entered initiate_data_transformation method of DataTransformation class
[ 2025-06-20 09:44:47,629 ] 65 root - INFO - Starting data transformation
[ 2025-06-20 09:44:47,632 ] 48 root - INFO - Entered get_data_trnasformer_object method of Trnasformation class
[ 2025-06-20 09:44:47,632 ] 53 root - INFO - Initialise KNNImputer with {'missing_values': nan, 'n_neighbors': 3, 'weights': 'uniform'}
[ 2025-06-20 09:44:47,638 ] 48 root - INFO - Entered the save_object method of MainUtils class
[ 2025-06-20 09:44:47,638 ] 52 root - INFO - Exited the save_object method of MainUtils class
[ 2025-06-20 09:44:47,638 ] 48 root - INFO - Entered the save_object method of MainUtils class
[ 2025-06-20 09:44:47,639 ] 52 root - INFO - Exited the save_object method of MainUtils class
[ 2025-06-20 09:44:47,639 ] 34 root - INFO - data Transformation completed
[ 2025-06-20 09:44:47,639 ] 36 root - INFO - Model Training sstared
[ 2025-06-20 09:45:16,822 ] 48 root - INFO - Entered the save_object method of MainUtils class
[ 2025-06-20 09:45:16,822 ] 52 root - INFO - Exited the save_object method of MainUtils class
[ 2025-06-20 09:45:16,822 ] 48 root - INFO - Entered the save_object method of MainUtils class
[ 2025-06-20 09:45:16,824 ] 52 root - INFO - Exited the save_object method of MainUtils class
[ 2025-06-20 09:45:16,824 ] 125 root - INFO - Model trainer artifact: ModelTrainerArtifact(trained_model_file_path='Artifacts\\06_20_2025_09_44_46\\model_trainer\\trained_model\\model.pkl', train_metric_artifact=ClassificationMetricArtifact(f1_score=0.9720430107526882, precision_score=0.9699570815450643, recall_score=0.9741379310344828), test_metric_artifact=ClassificationMetricArtifact(f1_score=0.9380530973451328, precision_score=0.8983050847457628, recall_score=0.9814814814814815))
[ 2025-06-20 09:45:16,824 ] 41 root - INFO - Model Training artifact created
